<?xml version="1.0" encoding="UTF-8"?>
<TestRun id="6ac3ac9c-6fb3-45ac-9b37-f3e918cba2c1" name="dennis@SERVER 2015-08-03 21:54:43" runUser="VENDJUUREN\dennis" xmlns="http://microsoft.com/schemas/VisualStudio/TeamTest/2006">
  <TestRunConfiguration name="Local Test Run" id="b764eab8-ff7e-4592-8690-2360f6019acd">
    <Description>This is a default test run configuration for a local test run.</Description>
    <Deployment runDeploymentRoot="E:\Old mirror 05-01-13\Development\Projects\devc#2008\Domotica\TestResults\dennis_SERVER 2015-08-03 21_54_43">
      <DeploymentItem filename="E:\Old mirror 05-01-13\Development\Projects\devc#2008\VendjuurenLibrary\bin\Debug\Vendjuuren.Library.dll" />
      <DeploymentItem filename="E:\Old mirror 05-01-13\Development\Projects\devc#2008\Domotica\DomoticaLibrary\bin\Debug\Vendjuuren.Domotica.Library.dll" />
      <DeploymentItem filename="E:\Old mirror 05-01-13\Development\Projects\devc#2008\SQL\bin\Debug\Vendjuuren.SQL.dll" />
      <DeploymentItem filename="E:\Old mirror 05-01-13\Development\Projects\devc#2008\Json60r8\Bin\Net35\Newtonsoft.Json.dll" />
    </Deployment>
    <TestTypeSpecific />
  </TestRunConfiguration>
  <ResultSummary outcome="Completed">
    <Counters total="1" executed="1" passed="1" error="0" failed="0" timeout="0" aborted="0" inconclusive="0" passedButRunAborted="0" notRunnable="0" notExecuted="0" disconnected="0" warning="0" completed="0" inProgress="0" pending="0" />
  </ResultSummary>
  <Times creation="2015-08-03T21:54:43.0106194+02:00" queuing="2015-08-03T21:54:45.3328516+02:00" start="2015-08-03T21:54:45.5198703+02:00" finish="2015-08-03T21:56:39.3232495+02:00" />
  <TestDefinitions>
    <UnitTest name="SunriseSunSetAPITest" storage="e:\old mirror 05-01-13\development\projects\devc#2008\domotica\domoticatest\bin\debug\domoticatest.dll" id="de50796f-d32f-05a1-4511-abda9a4af00d">
      <Css projectStructure="" iteration="" />
      <Owners>
        <Owner name="" />
      </Owners>
      <Execution id="9a4d192b-1e71-4bb9-baaf-38fb389ee140" />
      <TestMethod codeBase="E:\Old mirror 05-01-13\Development\Projects\devc#2008\Domotica\DomoticaTest\bin\Debug\DomoticaTest.dll" adapterTypeName="Microsoft.VisualStudio.TestTools.TestTypes.Unit.UnitTestAdapter, Microsoft.VisualStudio.QualityTools.Tips.UnitTest.Adapter, Version=9.0.0.0, Culture=neutral, PublicKeyToken=b03f5f7f11d50a3a" className="DomoticaTest.APIServicesTest, DomoticaTest" name="SunriseSunSetAPITest" />
    </UnitTest>
  </TestDefinitions>
  <TestLists>
    <TestList name="Results Not in a List" id="8c84fa94-04c1-424b-9868-57a2d4851a1d" />
    <TestList name="All Loaded Results" id="19431567-8539-422a-85d7-44ee4e166bda" />
  </TestLists>
  <TestEntries>
    <TestEntry testId="de50796f-d32f-05a1-4511-abda9a4af00d" executionId="9a4d192b-1e71-4bb9-baaf-38fb389ee140" testListId="8c84fa94-04c1-424b-9868-57a2d4851a1d" />
  </TestEntries>
  <Results>
    <UnitTestResult executionId="9a4d192b-1e71-4bb9-baaf-38fb389ee140" testId="de50796f-d32f-05a1-4511-abda9a4af00d" testName="SunriseSunSetAPITest" computerName="SERVER" duration="00:01:51.2050743" startTime="2015-08-03T21:54:45.6828866+02:00" endTime="2015-08-03T21:56:37.7170889+02:00" testType="13cdc9d9-ddb5-4fa4-a97d-d965ccfc6d4b" outcome="Passed" testListId="8c84fa94-04c1-424b-9868-57a2d4851a1d">
      <Output>
        <DebugTrace>Test: DatabaseSelect; SELECT *  FROM [Service] WHERE [Service].ID='a97dda12-90ea-4076-b03d-18627e956949'
Test: SchedulerResolvedData; Service: SunriseSunset, Url: http://api.sunrise-sunset.org/json?lat=52.091226&amp;lng=4.866822&amp;formatted=0&amp;date=today
Test: DatabaseUpdate; UPDATE [Service]SET 
Enabled=@Enabled,LastResponse=@LastResponse,ErrorDetected=@ErrorDetected,LastUpdatedSuccessful=@LastUpdatedSuccessful,Modified=@Modified,ModifiedBy=@ModifiedBy WHERE ID='a97dda12-90ea-4076-b03d-18627e956949'

Test: DatabaseSelect; SELECT *  FROM [Service] WHERE [Service].ID='a97dda12-90ea-4076-b03d-18627e956949'
Test: SchedulerResolvedData; Service: SunriseSunset, Url: http://api.sunrise-sunset.org/json?lat=52.091226&amp;lng=4.866822&amp;formatted=0&amp;date=today
Test: DatabaseUpdate; UPDATE [Service]SET 
Enabled=@Enabled,LastResponse=@LastResponse,ErrorDetected=@ErrorDetected,LastUpdatedSuccessful=@LastUpdatedSuccessful,Modified=@Modified,ModifiedBy=@ModifiedBy WHERE ID='a97dda12-90ea-4076-b03d-18627e956949'

</DebugTrace>
      </Output>
    </UnitTestResult>
  </Results>
</TestRun>