<?xml version="1.0" encoding="UTF-8"?>
<TestRun id="387ab7e5-499f-4fe7-9b4d-20170d1726c7" name="dennis@SERVER 2015-06-06 22:18:33" runUser="VENDJUUREN\dennis" xmlns="http://microsoft.com/schemas/VisualStudio/TeamTest/2006">
  <TestRunConfiguration name="Local Test Run" id="b764eab8-ff7e-4592-8690-2360f6019acd">
    <Description>This is a default test run configuration for a local test run.</Description>
    <Deployment runDeploymentRoot="E:\Old mirror 05-01-13\Development\Projects\devc#2008\Domotica\TestResults\dennis_SERVER 2015-06-06 22_18_33">
      <DeploymentItem filename="E:\Old mirror 05-01-13\Development\Projects\devc#2008\VendjuurenLibrary\bin\Debug\Vendjuuren.Library.dll" />
      <DeploymentItem filename="E:\Old mirror 05-01-13\Development\Projects\devc#2008\Domotica\DomoticaLibrary\bin\Debug\Vendjuuren.Domotica.Library.dll" />
      <DeploymentItem filename="E:\Old mirror 05-01-13\Development\Projects\devc#2008\SQL\bin\Debug\Vendjuuren.SQL.dll" />
      <DeploymentItem filename="E:\Old mirror 05-01-13\Development\Projects\devc#2008\Json60r8\Bin\Net35\Newtonsoft.Json.dll" />
    </Deployment>
    <TestTypeSpecific />
  </TestRunConfiguration>
  <ResultSummary outcome="Completed">
    <Counters total="1" executed="1" passed="1" error="0" failed="0" timeout="0" aborted="0" inconclusive="0" passedButRunAborted="0" notRunnable="0" notExecuted="0" disconnected="0" warning="0" completed="0" inProgress="0" pending="0" />
  </ResultSummary>
  <Times creation="2015-06-06T22:18:33.5090000+02:00" queuing="2015-06-06T22:18:35.5622000+02:00" start="2015-06-06T22:18:35.7672000+02:00" finish="2015-06-06T22:19:05.4522000+02:00" />
  <TestDefinitions>
    <UnitTest name="SerializeTest" storage="e:\old mirror 05-01-13\development\projects\devc#2008\domotica\domoticatest\bin\debug\domoticatest.dll" id="6a93e2da-c791-4b0a-0d72-0c289b9f2a8b">
      <Css projectStructure="" iteration="" />
      <Owners>
        <Owner name="" />
      </Owners>
      <Execution id="1e57b141-c824-45f0-9cdc-424d53fb6f5f" />
      <TestMethod codeBase="E:\Old mirror 05-01-13\Development\Projects\devc#2008\Domotica\DomoticaTest\bin\Debug\DomoticaTest.dll" adapterTypeName="Microsoft.VisualStudio.TestTools.TestTypes.Unit.UnitTestAdapter, Microsoft.VisualStudio.QualityTools.Tips.UnitTest.Adapter, Version=9.0.0.0, Culture=neutral, PublicKeyToken=b03f5f7f11d50a3a" className="DomoticaTest.Serialization, DomoticaTest" name="SerializeTest" />
    </UnitTest>
  </TestDefinitions>
  <TestLists>
    <TestList name="Results Not in a List" id="8c84fa94-04c1-424b-9868-57a2d4851a1d" />
    <TestList name="All Loaded Results" id="19431567-8539-422a-85d7-44ee4e166bda" />
  </TestLists>
  <TestEntries>
    <TestEntry testId="6a93e2da-c791-4b0a-0d72-0c289b9f2a8b" executionId="1e57b141-c824-45f0-9cdc-424d53fb6f5f" testListId="8c84fa94-04c1-424b-9868-57a2d4851a1d" />
  </TestEntries>
  <Results>
    <UnitTestResult executionId="1e57b141-c824-45f0-9cdc-424d53fb6f5f" testId="6a93e2da-c791-4b0a-0d72-0c289b9f2a8b" testName="SerializeTest" computerName="SERVER" duration="00:00:28.6254280" startTime="2015-06-06T22:18:35.9272000+02:00" endTime="2015-06-06T22:19:05.3452000+02:00" testType="13cdc9d9-ddb5-4fa4-a97d-d965ccfc6d4b" outcome="Passed" testListId="8c84fa94-04c1-424b-9868-57a2d4851a1d">
      <Output>
        <DebugTrace>Test: DatabaseSelect; SELECT *  FROM [Device]
Test: DatabaseSelect; SELECT *  FROM [Group] WHERE [Group].ID='bf9a5d92-d21d-4428-9549-e63d23e28b63'
</DebugTrace>
      </Output>
    </UnitTestResult>
  </Results>
</TestRun>