<?xml version="1.0" encoding="UTF-8"?>
<TestRun id="0b826c05-2ff8-4b89-9e54-f8bfb7fdba32" name="dennis@SERVER 2015-07-29 11:33:04" runUser="VENDJUUREN\dennis" xmlns="http://microsoft.com/schemas/VisualStudio/TeamTest/2006">
  <TestRunConfiguration name="Local Test Run" id="b764eab8-ff7e-4592-8690-2360f6019acd">
    <Description>This is a default test run configuration for a local test run.</Description>
    <Deployment runDeploymentRoot="E:\Old mirror 05-01-13\Development\Projects\devc#2008\Domotica\TestResults\dennis_SERVER 2015-07-29 11_33_04">
      <DeploymentItem filename="E:\Old mirror 05-01-13\Development\Projects\devc#2008\VendjuurenLibrary\bin\Debug\Vendjuuren.Library.dll" />
      <DeploymentItem filename="E:\Old mirror 05-01-13\Development\Projects\devc#2008\Domotica\DomoticaLibrary\bin\Debug\Vendjuuren.Domotica.Library.dll" />
      <DeploymentItem filename="E:\Old mirror 05-01-13\Development\Projects\devc#2008\SQL\bin\Debug\Vendjuuren.SQL.dll" />
      <DeploymentItem filename="E:\Old mirror 05-01-13\Development\Projects\devc#2008\Json60r8\Bin\Net35\Newtonsoft.Json.dll" />
    </Deployment>
    <TestTypeSpecific />
  </TestRunConfiguration>
  <ResultSummary outcome="Completed">
    <Counters total="1" executed="1" passed="1" error="0" failed="0" timeout="0" aborted="0" inconclusive="0" passedButRunAborted="0" notRunnable="0" notExecuted="0" disconnected="0" warning="0" completed="0" inProgress="0" pending="0" />
  </ResultSummary>
  <Times creation="2015-07-29T11:33:04.8276000+02:00" queuing="2015-07-29T11:33:07.6226000+02:00" start="2015-07-29T11:33:07.8136000+02:00" finish="2015-07-29T11:35:55.1964000+02:00" />
  <TestDefinitions>
    <UnitTest name="DatabaseConnectionTest" storage="e:\old mirror 05-01-13\development\projects\devc#2008\domotica\domoticatest\bin\debug\domoticatest.dll" id="44f4242f-6ca6-adfc-3158-746fee30f067">
      <Css projectStructure="" iteration="" />
      <Owners>
        <Owner name="" />
      </Owners>
      <Execution id="e2e032ba-20f4-4ee6-a21a-6f7b233cc428" />
      <TestMethod codeBase="E:\Old mirror 05-01-13\Development\Projects\devc#2008\Domotica\DomoticaTest\bin\Debug\DomoticaTest.dll" adapterTypeName="Microsoft.VisualStudio.TestTools.TestTypes.Unit.UnitTestAdapter, Microsoft.VisualStudio.QualityTools.Tips.UnitTest.Adapter, Version=9.0.0.0, Culture=neutral, PublicKeyToken=b03f5f7f11d50a3a" className="DomoticaTest.DatabaseTests, DomoticaTest" name="DatabaseConnectionTest" />
    </UnitTest>
  </TestDefinitions>
  <TestLists>
    <TestList name="Results Not in a List" id="8c84fa94-04c1-424b-9868-57a2d4851a1d" />
    <TestList name="All Loaded Results" id="19431567-8539-422a-85d7-44ee4e166bda" />
  </TestLists>
  <TestEntries>
    <TestEntry testId="44f4242f-6ca6-adfc-3158-746fee30f067" executionId="e2e032ba-20f4-4ee6-a21a-6f7b233cc428" testListId="8c84fa94-04c1-424b-9868-57a2d4851a1d" />
  </TestEntries>
  <Results>
    <UnitTestResult executionId="e2e032ba-20f4-4ee6-a21a-6f7b233cc428" testId="44f4242f-6ca6-adfc-3158-746fee30f067" testName="DatabaseConnectionTest" computerName="SERVER" duration="00:02:44.4833187" startTime="2015-07-29T11:33:07.9806000+02:00" endTime="2015-07-29T11:35:53.4336000+02:00" testType="13cdc9d9-ddb5-4fa4-a97d-d965ccfc6d4b" outcome="Passed" testListId="8c84fa94-04c1-424b-9868-57a2d4851a1d">
      <Output>
        <DebugTrace>Test: DatabaseSelect; SELECT *  FROM [Device_View]
Test: DatabaseSelect; SELECT *  FROM [Program]
</DebugTrace>
      </Output>
    </UnitTestResult>
  </Results>
</TestRun>