<?xml version="1.0" encoding="UTF-8"?>
<TestRun id="b8fd42f9-ee3d-42c8-8886-ec84d502a6cc" name="dennis@SERVER 2015-08-03 14:46:56" runUser="VENDJUUREN\dennis" xmlns="http://microsoft.com/schemas/VisualStudio/TeamTest/2006">
  <TestRunConfiguration name="Local Test Run" id="b764eab8-ff7e-4592-8690-2360f6019acd">
    <Description>This is a default test run configuration for a local test run.</Description>
    <Deployment runDeploymentRoot="E:\Old mirror 05-01-13\Development\Projects\devc#2008\Domotica\TestResults\dennis_SERVER 2015-08-03 14_46_56">
      <DeploymentItem filename="E:\Old mirror 05-01-13\Development\Projects\devc#2008\VendjuurenLibrary\bin\Debug\Vendjuuren.Library.dll" />
      <DeploymentItem filename="E:\Old mirror 05-01-13\Development\Projects\devc#2008\Domotica\DomoticaLibrary\bin\Debug\Vendjuuren.Domotica.Library.dll" />
      <DeploymentItem filename="E:\Old mirror 05-01-13\Development\Projects\devc#2008\SQL\bin\Debug\Vendjuuren.SQL.dll" />
      <DeploymentItem filename="E:\Old mirror 05-01-13\Development\Projects\devc#2008\Json60r8\Bin\Net35\Newtonsoft.Json.dll" />
    </Deployment>
    <TestTypeSpecific />
  </TestRunConfiguration>
  <ResultSummary outcome="Failed">
    <Counters total="1" executed="1" error="0" failed="1" timeout="0" aborted="0" inconclusive="0" passedButRunAborted="0" notRunnable="0" notExecuted="0" disconnected="0" warning="0" passed="0" completed="0" inProgress="0" pending="0" />
  </ResultSummary>
  <Times creation="2015-08-03T14:46:56.7547136+02:00" queuing="2015-08-03T14:47:04.5524933+02:00" start="2015-08-03T14:47:04.8695250+02:00" finish="2015-08-03T14:48:14.6675041+02:00" />
  <TestDefinitions>
    <UnitTest name="SunriseSunSetAPITest" storage="e:\old mirror 05-01-13\development\projects\devc#2008\domotica\domoticatest\bin\debug\domoticatest.dll" id="de50796f-d32f-05a1-4511-abda9a4af00d">
      <Css projectStructure="" iteration="" />
      <Owners>
        <Owner name="" />
      </Owners>
      <Execution id="6e5933fb-dbbe-4187-a701-5f723cfab081" />
      <TestMethod codeBase="E:\Old mirror 05-01-13\Development\Projects\devc#2008\Domotica\DomoticaTest\bin\Debug\DomoticaTest.dll" adapterTypeName="Microsoft.VisualStudio.TestTools.TestTypes.Unit.UnitTestAdapter, Microsoft.VisualStudio.QualityTools.Tips.UnitTest.Adapter, Version=9.0.0.0, Culture=neutral, PublicKeyToken=b03f5f7f11d50a3a" className="DomoticaTest.APIServicesTest, DomoticaTest" name="SunriseSunSetAPITest" />
    </UnitTest>
  </TestDefinitions>
  <TestLists>
    <TestList name="Results Not in a List" id="8c84fa94-04c1-424b-9868-57a2d4851a1d" />
    <TestList name="All Loaded Results" id="19431567-8539-422a-85d7-44ee4e166bda" />
  </TestLists>
  <TestEntries>
    <TestEntry testId="de50796f-d32f-05a1-4511-abda9a4af00d" executionId="6e5933fb-dbbe-4187-a701-5f723cfab081" testListId="8c84fa94-04c1-424b-9868-57a2d4851a1d" />
  </TestEntries>
  <Results>
    <UnitTestResult executionId="6e5933fb-dbbe-4187-a701-5f723cfab081" testId="de50796f-d32f-05a1-4511-abda9a4af00d" testName="SunriseSunSetAPITest" computerName="SERVER" duration="00:01:08.1065254" startTime="2015-08-03T14:47:05.0785459+02:00" endTime="2015-08-03T14:48:14.4614835+02:00" testType="13cdc9d9-ddb5-4fa4-a97d-d965ccfc6d4b" outcome="Failed" testListId="8c84fa94-04c1-424b-9868-57a2d4851a1d">
      <Output>
        <ErrorInfo>
          <Message>Test method DomoticaTest.APIServicesTest.SunriseSunSetAPITest threw exception:  System.NullReferenceException: Object reference not set to an instance of an object..</Message>
          <StackTrace>    at Vendjuuren.SQL.Statement.Execute(ExceptionIgnoreCollection exceptions) in E:\Old mirror 05-01-13\Development\Projects\devc#2008\SQL\Statement.cs:line 121
   at Vendjuuren.SQL.Statement.Execute() in E:\Old mirror 05-01-13\Development\Projects\devc#2008\SQL\Statement.cs:line 75
   at Vendjuuren.SQL.Record.GetByStatement(SELECT select) in E:\Old mirror 05-01-13\Development\Projects\devc#2008\SQL\Record.cs:line 64
   at Vendjuuren.SQL.Record.GetByID(Guid id) in E:\Old mirror 05-01-13\Development\Projects\devc#2008\SQL\Record.cs:line 53
   at DomoticaTest.APIServicesTest.SunriseSunSetAPITest() in E:\Old mirror 05-01-13\Development\Projects\devc#2008\Domotica\DomoticaTest\APIServicesTest.cs:line 76
</StackTrace>
        </ErrorInfo>
      </Output>
    </UnitTestResult>
  </Results>
</TestRun>