<?xml version="1.0" encoding="UTF-8"?>
<TestRun id="3255399d-ad45-4003-99d1-5bd6640fdbab" name="dennis@SERVER 2015-05-27 23:33:13" runUser="VENDJUUREN\dennis" xmlns="http://microsoft.com/schemas/VisualStudio/TeamTest/2006">
  <TestRunConfiguration name="Local Test Run" id="b764eab8-ff7e-4592-8690-2360f6019acd">
    <Description>This is a default test run configuration for a local test run.</Description>
    <Deployment runDeploymentRoot="E:\Old mirror 05-01-13\Development\Projects\devc#2008\Domotica\TestResults\dennis_SERVER 2015-05-27 23_33_13">
      <DeploymentItem filename="E:\Old mirror 05-01-13\Development\Projects\devc#2008\VendjuurenLibrary\bin\Debug\Vendjuuren.Library.dll" />
      <DeploymentItem filename="E:\Old mirror 05-01-13\Development\Projects\devc#2008\Domotica\DomoticaLibrary\bin\Debug\Vendjuuren.Domotica.Library.dll" />
      <DeploymentItem filename="E:\Old mirror 05-01-13\Development\Projects\devc#2008\SQL\bin\Debug\Vendjuuren.SQL.dll" />
    </Deployment>
    <TestTypeSpecific />
  </TestRunConfiguration>
  <ResultSummary outcome="Completed">
    <Counters total="1" executed="1" passed="1" error="0" failed="0" timeout="0" aborted="0" inconclusive="0" passedButRunAborted="0" notRunnable="0" notExecuted="0" disconnected="0" warning="0" completed="0" inProgress="0" pending="0" />
  </ResultSummary>
  <Times creation="2015-05-27T23:33:13.8072000+02:00" queuing="2015-05-27T23:33:15.4352000+02:00" start="2015-05-27T23:33:15.6332000+02:00" finish="2015-05-27T23:34:51.2480000+02:00" />
  <TestDefinitions>
    <UnitTest name="ClientSendMessageTest" storage="e:\old mirror 05-01-13\development\projects\devc#2008\domotica\domoticatest\bin\debug\domoticatest.dll" id="78fe5d3b-84ba-ccb7-8319-d09cdb691e77">
      <Css projectStructure="" iteration="" />
      <Owners>
        <Owner name="" />
      </Owners>
      <Execution id="fa7cafab-507e-427f-8edc-9a3784344549" />
      <TestMethod codeBase="E:\Old mirror 05-01-13\Development\Projects\devc#2008\Domotica\DomoticaTest\bin\Debug\DomoticaTest.dll" adapterTypeName="Microsoft.VisualStudio.TestTools.TestTypes.Unit.UnitTestAdapter, Microsoft.VisualStudio.QualityTools.Tips.UnitTest.Adapter, Version=9.0.0.0, Culture=neutral, PublicKeyToken=b03f5f7f11d50a3a" className="DomoticaTest.TcpTest, DomoticaTest" name="ClientSendMessageTest" />
    </UnitTest>
  </TestDefinitions>
  <TestLists>
    <TestList name="Results Not in a List" id="8c84fa94-04c1-424b-9868-57a2d4851a1d" />
    <TestList name="All Loaded Results" id="19431567-8539-422a-85d7-44ee4e166bda" />
  </TestLists>
  <TestEntries>
    <TestEntry testId="78fe5d3b-84ba-ccb7-8319-d09cdb691e77" executionId="fa7cafab-507e-427f-8edc-9a3784344549" testListId="8c84fa94-04c1-424b-9868-57a2d4851a1d" />
  </TestEntries>
  <Results>
    <UnitTestResult executionId="fa7cafab-507e-427f-8edc-9a3784344549" testId="78fe5d3b-84ba-ccb7-8319-d09cdb691e77" testName="ClientSendMessageTest" computerName="SERVER" duration="00:01:00.5596746" startTime="2015-05-27T23:33:15.7862000+02:00" endTime="2015-05-27T23:34:41.3530000+02:00" testType="13cdc9d9-ddb5-4fa4-a97d-d965ccfc6d4b" outcome="Passed" testListId="8c84fa94-04c1-424b-9868-57a2d4851a1d">
      <Output>
        <DebugTrace>Test: TcpServerStarted; 127.0.0.1 is listen on port: 8222
Test: DatabaseSelect; SELECT *  FROM [Device]
Test: TcpClientConnected; Client: [2216] 127.0.0.1
Test: DatabaseSelect; SELECT *  FROM [Group] WHERE [Group].ID='bf9a5d92-d21d-4428-9549-e63d23e28b63'
Test: DatabaseSelect; SELECT *  FROM [Group] WHERE [Group].ID='bf9a5d92-d21d-4428-9549-e63d23e28b63'
Test: DatabaseSelect; SELECT *  FROM [Group] WHERE [Group].ID='bf9a5d92-d21d-4428-9549-e63d23e28b63'
Test: DatabaseSelect; SELECT *  FROM [Group] WHERE [Group].ID='3849e622-416f-4dcd-8b0f-b2aa1268f531'
Test: DatabaseSelect; SELECT *  FROM [Group] WHERE [Group].ID='bf9a5d92-d21d-4428-9549-e63d23e28b63'
</DebugTrace>
      </Output>
    </UnitTestResult>
  </Results>
</TestRun>