<?xml version="1.0" encoding="UTF-8"?>
<TestRun id="983381cd-29fa-4c9c-b7a7-055d06e835ce" name="dennis@SERVER 2015-05-27 23:11:02" runUser="VENDJUUREN\dennis" xmlns="http://microsoft.com/schemas/VisualStudio/TeamTest/2006">
  <TestRunConfiguration name="Local Test Run" id="b764eab8-ff7e-4592-8690-2360f6019acd">
    <Description>This is a default test run configuration for a local test run.</Description>
    <Deployment runDeploymentRoot="E:\Old mirror 05-01-13\Development\Projects\devc#2008\Domotica\TestResults\dennis_SERVER 2015-05-27 23_11_02">
      <DeploymentItem filename="E:\Old mirror 05-01-13\Development\Projects\devc#2008\VendjuurenLibrary\bin\Debug\Vendjuuren.Library.dll" />
      <DeploymentItem filename="E:\Old mirror 05-01-13\Development\Projects\devc#2008\Domotica\DomoticaLibrary\bin\Debug\Vendjuuren.Domotica.Library.dll" />
      <DeploymentItem filename="E:\Old mirror 05-01-13\Development\Projects\devc#2008\SQL\bin\Debug\Vendjuuren.SQL.dll" />
    </Deployment>
    <TestTypeSpecific />
  </TestRunConfiguration>
  <ResultSummary outcome="Failed">
    <Counters total="1" executed="1" error="0" failed="1" timeout="0" aborted="0" inconclusive="0" passedButRunAborted="0" notRunnable="0" notExecuted="0" disconnected="0" warning="0" passed="0" completed="0" inProgress="0" pending="0" />
  </ResultSummary>
  <Times creation="2015-05-27T23:11:02.9092000+02:00" queuing="2015-05-27T23:11:04.8942000+02:00" start="2015-05-27T23:11:05.0952000+02:00" finish="2015-05-27T23:11:32.8582000+02:00" />
  <TestDefinitions>
    <UnitTest name="ClientSendMessageTest" storage="e:\old mirror 05-01-13\development\projects\devc#2008\domotica\domoticatest\bin\debug\domoticatest.dll" id="78fe5d3b-84ba-ccb7-8319-d09cdb691e77">
      <Css projectStructure="" iteration="" />
      <Owners>
        <Owner name="" />
      </Owners>
      <Execution id="536682d2-303d-4969-ac0e-6feeede5c96f" />
      <TestMethod codeBase="E:\Old mirror 05-01-13\Development\Projects\devc#2008\Domotica\DomoticaTest\bin\Debug\DomoticaTest.dll" adapterTypeName="Microsoft.VisualStudio.TestTools.TestTypes.Unit.UnitTestAdapter, Microsoft.VisualStudio.QualityTools.Tips.UnitTest.Adapter, Version=9.0.0.0, Culture=neutral, PublicKeyToken=b03f5f7f11d50a3a" className="DomoticaTest.TcpTest, DomoticaTest" name="ClientSendMessageTest" />
    </UnitTest>
  </TestDefinitions>
  <TestLists>
    <TestList name="Results Not in a List" id="8c84fa94-04c1-424b-9868-57a2d4851a1d" />
    <TestList name="All Loaded Results" id="19431567-8539-422a-85d7-44ee4e166bda" />
  </TestLists>
  <TestEntries>
    <TestEntry testId="78fe5d3b-84ba-ccb7-8319-d09cdb691e77" executionId="536682d2-303d-4969-ac0e-6feeede5c96f" testListId="8c84fa94-04c1-424b-9868-57a2d4851a1d" />
  </TestEntries>
  <Results>
    <UnitTestResult executionId="536682d2-303d-4969-ac0e-6feeede5c96f" testId="78fe5d3b-84ba-ccb7-8319-d09cdb691e77" testName="ClientSendMessageTest" computerName="SERVER" duration="00:00:26.7605440" startTime="2015-05-27T23:11:05.2602000+02:00" endTime="2015-05-27T23:11:32.7752000+02:00" testType="13cdc9d9-ddb5-4fa4-a97d-d965ccfc6d4b" outcome="Failed" testListId="8c84fa94-04c1-424b-9868-57a2d4851a1d">
      <Output>
        <DebugTrace>Test: TcpServerStarted; 127.0.0.1 is listen on port: 8222
Test: DatabaseSelect; SELECT *  FROM [Device]
Test: TcpClientConnected; Client: [2216] 127.0.0.1
Test: DatabaseSelect; SELECT *  FROM [Group] WHERE [Group].ID='bf9a5d92-d21d-4428-9549-e63d23e28b63'
Test: DatabaseException; Object reference not set to an instance of an object.
Excuted query: SELECT *  FROM [Group] WHERE [Group].ID='bf9a5d92-d21d-4428-9549-e63d23e28b63'
</DebugTrace>
        <ErrorInfo>
          <Message>Test method DomoticaTest.TcpTest.ClientSendMessageTest threw exception:  System.NullReferenceException: Object reference not set to an instance of an object..</Message>
          <StackTrace>    at Vendjuuren.SQL.Statement.Execute(ExceptionIgnoreCollection exceptions) in E:\Old mirror 05-01-13\Development\Projects\devc#2008\SQL\Statement.cs:line 112
   at Vendjuuren.SQL.Statement.Execute() in E:\Old mirror 05-01-13\Development\Projects\devc#2008\SQL\Statement.cs:line 76
   at Vendjuuren.SQL.Record.GetByStatement(SELECT select) in E:\Old mirror 05-01-13\Development\Projects\devc#2008\SQL\Record.cs:line 63
   at Vendjuuren.SQL.Record.GetByID(Guid id) in E:\Old mirror 05-01-13\Development\Projects\devc#2008\SQL\Record.cs:line 52
   at Vendjuuren.Domotica.Library.Device.get_Group() in E:\Old mirror 05-01-13\Development\Projects\devc#2008\Domotica\DomoticaLibrary\Device.cs:line 183
   at Vendjuuren.Domotica.Library.DeviceCollection.&lt;&gt;c__DisplayClass1.&lt;GetDevice&gt;b__0(Device d) in E:\Old mirror 05-01-13\Development\Projects\devc#2008\Domotica\DomoticaLibrary\DeviceCollection.cs:line 28
   at System.Linq.Enumerable.WhereArrayIterator`1.MoveNext()
   at System.Linq.Enumerable.SingleOrDefault[TSource](IEnumerable`1 source)
   at Vendjuuren.Domotica.Library.DeviceCollection.GetDevice(Letter groupLetter, Int32 number) in E:\Old mirror 05-01-13\Development\Projects\devc#2008\Domotica\DomoticaLibrary\DeviceCollection.cs:line 31
   at DomoticaTest.TcpTest.ClientSendMessageTest() in E:\Old mirror 05-01-13\Development\Projects\devc#2008\Domotica\DomoticaTest\TcpTest.cs:line 95
</StackTrace>
        </ErrorInfo>
      </Output>
    </UnitTestResult>
  </Results>
</TestRun>