<?xml version="1.0" encoding="UTF-8"?>
<TestRun id="0b40a5ae-3389-4a44-8c95-08c23ce215cd" name="dennis@SERVER 2015-07-29 11:31:56" runUser="VENDJUUREN\dennis" xmlns="http://microsoft.com/schemas/VisualStudio/TeamTest/2006">
  <TestRunConfiguration name="Local Test Run" id="b764eab8-ff7e-4592-8690-2360f6019acd">
    <Description>This is a default test run configuration for a local test run.</Description>
    <Deployment runDeploymentRoot="E:\Old mirror 05-01-13\Development\Projects\devc#2008\Domotica\TestResults\dennis_SERVER 2015-07-29 11_31_56">
      <DeploymentItem filename="E:\Old mirror 05-01-13\Development\Projects\devc#2008\VendjuurenLibrary\bin\Debug\Vendjuuren.Library.dll" />
      <DeploymentItem filename="E:\Old mirror 05-01-13\Development\Projects\devc#2008\Domotica\DomoticaLibrary\bin\Debug\Vendjuuren.Domotica.Library.dll" />
      <DeploymentItem filename="E:\Old mirror 05-01-13\Development\Projects\devc#2008\SQL\bin\Debug\Vendjuuren.SQL.dll" />
      <DeploymentItem filename="E:\Old mirror 05-01-13\Development\Projects\devc#2008\Json60r8\Bin\Net35\Newtonsoft.Json.dll" />
    </Deployment>
    <TestTypeSpecific />
  </TestRunConfiguration>
  <ResultSummary outcome="Completed">
    <Counters total="1" executed="1" passed="1" error="0" failed="0" timeout="0" aborted="0" inconclusive="0" passedButRunAborted="0" notRunnable="0" notExecuted="0" disconnected="0" warning="0" completed="0" inProgress="0" pending="0" />
  </ResultSummary>
  <Times creation="2015-07-29T11:31:56.8696000+02:00" queuing="2015-07-29T11:32:10.3736000+02:00" start="2015-07-29T11:32:10.8506000+02:00" finish="2015-07-29T11:32:42.5196000+02:00" />
  <TestDefinitions>
    <UnitTest name="UpdateTest" storage="e:\old mirror 05-01-13\development\projects\devc#2008\domotica\domoticatest\bin\debug\domoticatest.dll" id="8fda463d-e1a0-4717-1974-9b450240e9ed">
      <Css projectStructure="" iteration="" />
      <Owners>
        <Owner name="" />
      </Owners>
      <Execution id="95d92a36-f8ab-4f1b-81b6-96d034f558d3" />
      <TestMethod codeBase="E:\Old mirror 05-01-13\Development\Projects\devc#2008\Domotica\DomoticaTest\bin\Debug\DomoticaTest.dll" adapterTypeName="Microsoft.VisualStudio.TestTools.TestTypes.Unit.UnitTestAdapter, Microsoft.VisualStudio.QualityTools.Tips.UnitTest.Adapter, Version=9.0.0.0, Culture=neutral, PublicKeyToken=b03f5f7f11d50a3a" className="DomoticaTest.DatabaseTests, DomoticaTest" name="UpdateTest" />
    </UnitTest>
  </TestDefinitions>
  <TestLists>
    <TestList name="Results Not in a List" id="8c84fa94-04c1-424b-9868-57a2d4851a1d" />
    <TestList name="All Loaded Results" id="19431567-8539-422a-85d7-44ee4e166bda" />
  </TestLists>
  <TestEntries>
    <TestEntry testId="8fda463d-e1a0-4717-1974-9b450240e9ed" executionId="95d92a36-f8ab-4f1b-81b6-96d034f558d3" testListId="8c84fa94-04c1-424b-9868-57a2d4851a1d" />
  </TestEntries>
  <Results>
    <UnitTestResult executionId="95d92a36-f8ab-4f1b-81b6-96d034f558d3" testId="8fda463d-e1a0-4717-1974-9b450240e9ed" testName="UpdateTest" computerName="SERVER" duration="00:00:28.4864550" startTime="2015-07-29T11:32:11.0356000+02:00" endTime="2015-07-29T11:32:40.7756000+02:00" testType="13cdc9d9-ddb5-4fa4-a97d-d965ccfc6d4b" outcome="Passed" testListId="8c84fa94-04c1-424b-9868-57a2d4851a1d">
      <Output>
        <DebugTrace>Test: DatabaseSelect; SELECT *  FROM [Device] WHERE [Device].ID='9ac77c6f-838f-49ab-95d1-b7e25cae2f4b'
Test: DatabaseSelect; SELECT *  FROM [Group] WHERE [Group].ID='bf9a5d92-d21d-4428-9549-e63d23e28b63'
Test: DatabaseUpdate; UPDATE [Device]SET 
Power=@Power,Modified=@Modified,ModifiedBy=@ModifiedBy WHERE ID='9ac77c6f-838f-49ab-95d1-b7e25cae2f4b'

</DebugTrace>
      </Output>
    </UnitTestResult>
  </Results>
</TestRun>